<?xml version="1.0" encoding="UTF-8"?>
<!-- Generated by org.testng.reporters.JUnitReportReporter -->
<testsuite hostname="DESKTOP-3P2ER4V" failures="0" tests="8" name="test.ZoomInfo" time="7.772" errors="0" timestamp="2023-07-04T11:17:15 IDT" skipped="0">
  <testcase classname="test.ZoomInfo" name="Plus" time="3.663"/>
  <system-out/>
  <testcase classname="test.ZoomInfo" name="Minus" time="1.279"/>
  <system-out/>
  <testcase classname="test.ZoomInfo" name="notEqual" time="1.395"/>
  <system-out/>
  <testcase classname="test.ZoomInfo" name="sin" time="1.079"/>
  <system-out/>
  <testcase classname="test.ZoomInfo" name="historyCheckStepFour" time="0.151"/>
  <system-out/>
  <testcase classname="test.ZoomInfo" name="historyCheckStepThree" time="0.069"/>
  <system-out/>
  <testcase classname="test.ZoomInfo" name="historyCheckStepTwo" time="0.063"/>
  <system-out/>
  <testcase classname="test.ZoomInfo" name="historyCheckStepOne" time="0.073"/>
  <system-out/>
</testsuite> <!-- test.ZoomInfo -->
